<?xml version="1.0" encoding="UTF-8"?>
<testsuite name="ru.spbau.kirilenko.hw6FP.PredicateTest" tests="5" skipped="0" failures="0" errors="0" timestamp="2017-11-07T19:54:42" hostname="DESKTOP-DC7SLHU" time="0.0">
  <properties/>
  <testcase name="testPredicateAlwaysFalse" classname="ru.spbau.kirilenko.hw6FP.PredicateTest" time="0.0"/>
  <testcase name="testPredicateAlwaysTrue" classname="ru.spbau.kirilenko.hw6FP.PredicateTest" time="0.0"/>
  <testcase name="testPredicateAnd" classname="ru.spbau.kirilenko.hw6FP.PredicateTest" time="0.0"/>
  <testcase name="testPredicateNot" classname="ru.spbau.kirilenko.hw6FP.PredicateTest" time="0.0"/>
  <testcase name="testPredicateOr" classname="ru.spbau.kirilenko.hw6FP.PredicateTest" time="0.0"/>
  <system-out><![CDATA[]]></system-out>
  <system-err><![CDATA[]]></system-err>
</testsuite>
